<?xml version="1.0" encoding="UTF-8"?>
<!-- Generated by org.testng.reporters.JUnitReportReporter -->
<testsuite skipped="0" hostname="DESKTOP-AERB1BB" name="Ngoc.HomePage" tests="2" failures="0" timestamp="2020-04-18T12:21:44 ICT" time="18.068" errors="0">
  <testcase name="homePageNavigation" time="10.999" classname="Ngoc.HomePage"/>
  <testcase name="homePageNavigation" time="7.069" classname="Ngoc.HomePage"/>
</testsuite> <!-- Ngoc.HomePage -->
