<?xml version="1.0" encoding="UTF-8"?>
<!-- Generated by org.testng.reporters.JUnitReportReporter -->
<testsuite skipped="0" hostname="DESKTOP-AERB1BB" name="Ngoc.ValidateTitle" tests="1" failures="0" timestamp="2020-04-18T12:21:44 ICT" time="7.413" errors="0">
  <testcase name="homePageNavigation" time="7.413" classname="Ngoc.ValidateTitle"/>
</testsuite> <!-- Ngoc.ValidateTitle -->
