<?xml version="1.0" encoding="UTF-8"?>
<!-- Generated by org.testng.reporters.JUnitReportReporter -->
<testsuite skipped="0" hostname="DESKTOP-AERB1BB" name="Ngoc.ValidateTitle" tests="1" failures="0" timestamp="2020-04-19T09:42:25 ICT" time="6.381" errors="0">
  <testcase name="homePageNavigation" time="6.381" classname="Ngoc.ValidateTitle"/>
  <system-out/>
</testsuite> <!-- Ngoc.ValidateTitle -->
