<?xml version="1.0" encoding="UTF-8"?>
<!-- Generated by org.testng.reporters.JUnitReportReporter -->
<testsuite skipped="0" hostname="DESKTOP-AERB1BB" name="Ngoc.HomePage" tests="2" failures="0" timestamp="2020-04-19T09:42:25 ICT" time="19.288" errors="0">
  <testcase name="homePageNavigation" time="12.018" classname="Ngoc.HomePage"/>
  <system-out/>
  <testcase name="homePageNavigation" time="7.270" classname="Ngoc.HomePage"/>
  <system-out/>
</testsuite> <!-- Ngoc.HomePage -->
