<?xml version="1.0" encoding="UTF-8"?>
<!-- Generated by org.testng.reporters.JUnitReportReporter -->
<testsuite skipped="0" hostname="DESKTOP-AERB1BB" name="Ngoc.ValidateNaBar" tests="1" failures="0" timestamp="2020-04-19T09:42:25 ICT" time="0.093" errors="0">
  <testcase name="homePageNavigation" time="0.093" classname="Ngoc.ValidateNaBar"/>
  <system-out/>
</testsuite> <!-- Ngoc.ValidateNaBar -->
